map[faraday:{10.73.29.81:3306 faraday 123456 faraday faraday}]
[GIN-debug] [WARNING] Running in "debug" mode. Switch to "release" mode in production.
 - using env:	export GIN_MODE=release
 - using code:	gin.SetMode(gin.ReleaseMode)

/Users/liuhu3/www/avengers/src/mysql-client/assets/dist
[GIN-debug] GET    /md                       --> github.com/gin-gonic/gin.(*RouterGroup).StaticFile.func1 (3 handlers)
[GIN-debug] HEAD   /md                       --> github.com/gin-gonic/gin.(*RouterGroup).StaticFile.func1 (3 handlers)
[GIN-debug] GET    /image/*filepath          --> github.com/gin-gonic/gin.(*RouterGroup).createStaticHandler.func1 (3 handlers)
[GIN-debug] HEAD   /image/*filepath          --> github.com/gin-gonic/gin.(*RouterGroup).createStaticHandler.func1 (3 handlers)
[GIN-debug] GET    /css/*filepath            --> github.com/gin-gonic/gin.(*RouterGroup).createStaticHandler.func1 (3 handlers)
[GIN-debug] HEAD   /css/*filepath            --> github.com/gin-gonic/gin.(*RouterGroup).createStaticHandler.func1 (3 handlers)
[GIN-debug] GET    /js/*filepath             --> github.com/gin-gonic/gin.(*RouterGroup).createStaticHandler.func1 (3 handlers)
[GIN-debug] HEAD   /js/*filepath             --> github.com/gin-gonic/gin.(*RouterGroup).createStaticHandler.func1 (3 handlers)
[GIN-debug] GET    /fonts/*filepath          --> github.com/gin-gonic/gin.(*RouterGroup).createStaticHandler.func1 (3 handlers)
[GIN-debug] HEAD   /fonts/*filepath          --> github.com/gin-gonic/gin.(*RouterGroup).createStaticHandler.func1 (3 handlers)
[GIN-debug] POST   /sql                      --> main.ExcuteSql (3 handlers)
[GIN-debug] GET    /db_list                  --> main.getDbList (3 handlers)
[GIN-debug] GET    /test                     --> main.Test (3 handlers)
[GIN-debug] POST   /markdown/upload_image    --> main.uploadImage (3 handlers)
[GIN-debug] POST   /markdown/create          --> main.CreateMd (3 handlers)
[GIN-debug] POST   /markdown/update          --> main.UpdateMd (3 handlers)
[GIN-debug] POST   /markdown/delete          --> main.DeleteMd (3 handlers)
[GIN-debug] GET    /markdown/list            --> main.MdList (3 handlers)
[GIN-debug] GET    /markdown/detail          --> main.SingleMd (3 handlers)
[GIN-debug] Listening and serving HTTP on :8888
map[faraday:{10.73.29.81:3306 faraday 123456 faraday faraday}]
[GIN-debug] [WARNING] Running in "debug" mode. Switch to "release" mode in production.
 - using env:	export GIN_MODE=release
 - using code:	gin.SetMode(gin.ReleaseMode)

/Users/liuhu3/www/avengers/src/mysql-client/assets/dist
[GIN-debug] GET    /md                       --> github.com/gin-gonic/gin.(*RouterGroup).StaticFile.func1 (3 handlers)
[GIN-debug] HEAD   /md                       --> github.com/gin-gonic/gin.(*RouterGroup).StaticFile.func1 (3 handlers)
[GIN-debug] GET    /image/*filepath          --> github.com/gin-gonic/gin.(*RouterGroup).createStaticHandler.func1 (3 handlers)
[GIN-debug] HEAD   /image/*filepath          --> github.com/gin-gonic/gin.(*RouterGroup).createStaticHandler.func1 (3 handlers)
[GIN-debug] GET    /css/*filepath            --> github.com/gin-gonic/gin.(*RouterGroup).createStaticHandler.func1 (3 handlers)
[GIN-debug] HEAD   /css/*filepath            --> github.com/gin-gonic/gin.(*RouterGroup).createStaticHandler.func1 (3 handlers)
[GIN-debug] GET    /js/*filepath             --> github.com/gin-gonic/gin.(*RouterGroup).createStaticHandler.func1 (3 handlers)
[GIN-debug] HEAD   /js/*filepath             --> github.com/gin-gonic/gin.(*RouterGroup).createStaticHandler.func1 (3 handlers)
[GIN-debug] GET    /fonts/*filepath          --> github.com/gin-gonic/gin.(*RouterGroup).createStaticHandler.func1 (3 handlers)
[GIN-debug] HEAD   /fonts/*filepath          --> github.com/gin-gonic/gin.(*RouterGroup).createStaticHandler.func1 (3 handlers)
[GIN-debug] POST   /sql                      --> main.ExcuteSql (3 handlers)
[GIN-debug] GET    /db_list                  --> main.getDbList (3 handlers)
[GIN-debug] GET    /test                     --> main.Test (3 handlers)
[GIN-debug] POST   /markdown/upload_image    --> main.uploadImage (3 handlers)
[GIN-debug] POST   /markdown/create          --> main.CreateMd (3 handlers)
[GIN-debug] POST   /markdown/update          --> main.UpdateMd (3 handlers)
[GIN-debug] POST   /markdown/delete          --> main.DeleteMd (3 handlers)
[GIN-debug] GET    /markdown/list            --> main.MdList (3 handlers)
[GIN-debug] GET    /markdown/detail          --> main.SingleMd (3 handlers)
[GIN-debug] Listening and serving HTTP on :8888
