Arguments: 
  C:\Program Files\nodejs\node.exe C:\Users\hu_ti\AppData\Roaming\npm\node_modules\yarn\bin\yarn.js install

PATH: 
  C:\Users\hu_ti\bin;C:\Program Files\Git\mingw64\bin;C:\Program Files\Git\usr\local\bin;C:\Program Files\Git\usr\bin;C:\Program Files\Git\usr\bin;C:\Program Files\Git\mingw64\bin;C:\Program Files\Git\usr\bin;C:\Users\hu_ti\bin;C:\Python27;C:\Python27\Scripts;C:\Windows\system32;C:\Windows;C:\Windows\System32\Wbem;C:\Windows\System32\WindowsPowerShell\v1.0;C:\Windows\System32\OpenSSH;C:\Program Files\Git\cmd;C:\Go\bin;C:\Program Files\nodejs;C:\ProgramData\chocolatey\bin;C:\Users\hu_ti\AppData\Local\Microsoft\WindowsApps;C:\Users\hu_ti\AppData\Local\Programs\Microsoft VS Code\bin;C:\Users\hu_ti\go\bin;C:\Users\hu_ti\AppData\Roaming\npm;C:\Program Files\mingw-w64\x86_64-8.1.0-posix-seh-rt_v6-rev0\mingw64\bin;C:\Program Files\Git\usr\bin\vendor_perl;C:\Program Files\Git\usr\bin\core_perl

Yarn version: 
  1.22.4

Node version: 
  12.16.1

Platform: 
  win32 x64

Trace: 
  Error: getaddrinfo ENOENT raw.githubusercontent.com
      at GetAddrInfoReqWrap.onlookup [as oncomplete] (dns.js:64:26)

npm manifest: 
  {
    "name": "hello-world",
    "version": "0.1.0",
    "private": true,
    "scripts": {
      "serve": "vue-cli-service serve",
      "build": "vue-cli-service build",
      "lint": "vue-cli-service lint"
    },
    "dependencies": {
      "axios": "^0.19.1",
      "bootbox": "^5.4.0",
      "clipboard-copy": "^3.1.0",
      "core-js": "^3.4.4",
      "css-loader": "^3.4.1",
      "echarts": "^4.6.0",
      "element-ui": "^2.13.0",
      "file-saver": "^2.0.2",
      "html2canvas": "^1.0.0-rc.5",
      "jspdf": "^1.5.3",
      "jspdf-html2canvas": "^1.1.0",
      "less": "^3.10.3",
      "less-loader": "^5.0.0",
      "lodash": "^4.17.15",
      "mavon-editor": "^2.7.7",
      "mini-css-extract-plugin": "^0.9.0",
      "moment": "^2.24.0",
      "optimize-css-assets-webpack-plugin": "^3.2.0",
      "script-loader": "^0.7.2",
      "vue": "^2.6.10",
      "vue-checkbox-radio": "^0.6.0",
      "vue-clipboard2": "^0.3.1",
      "vue-easytable": "^1.7.2",
      "vue-json-viewer": "^2.2.8",
      "vue-router": "^3.1.3",
      "vue-slider-component": "^3.1.0",
      "vue-tour": "^1.2.0",
      "vuex": "^3.1.2",
      "xlsx": "^0.15.4"
    },
    "devDependencies": {
      "@vue/cli-plugin-babel": "^4.1.0",
      "@vue/cli-plugin-eslint": "^4.1.0",
      "@vue/cli-service": "^4.1.0",
      "babel-eslint": "^10.0.3",
      "eslint": "^5.16.0",
      "eslint-plugin-vue": "^5.0.0",
      "vue-template-compiler": "^2.6.10"
    },
    "eslintConfig": {
      "root": true,
      "env": {
        "node": true
      },
      "extends": [
        "plugin:vue/essential",
        "eslint:recommended"
      ],
      "rules": {},
      "parserOptions": {
        "parser": "babel-eslint"
      }
    },
    "browserslist": [
      "> 1%",
      "last 2 versions"
    ]
  }

yarn manifest: 
  No manifest

Lockfile: 
  No lockfile
